<?xml version="1.0" encoding="UTF-8"?>
<robot generator="Robot 3.1.1 (Python 3.6.5 on win32)" generated="20190128 21:00:39.921" rpa="false">
<suite id="s1" name="Test" source="C:\Users\Administrator\PycharmProjects\软件自动化测试\4、robotframework学习\2、robot作业2\test.robot">
<test id="s1-t1" name="用例1">
<kw name="Deletecourse" library="deletecourse" type="setup">
<status status="PASS" starttime="20190128 21:00:40.434" endtime="20190128 21:00:59.317"></status>
</kw>
<kw name="Open Browser" library="SeleniumLibrary">
<doc>Opens a new browser instance to the given ``url``.</doc>
<arguments>
<arg>http://localhost/mgr/login/login.html</arg>
<arg>chrome</arg>
</arguments>
<msg timestamp="20190128 21:00:59.340" level="INFO">Opening browser 'chrome' to base url 'http://localhost/mgr/login/login.html'.</msg>
<status status="PASS" starttime="20190128 21:00:59.339" endtime="20190128 21:01:04.337"></status>
</kw>
<kw name="Set Selenium Implicit Wait" library="SeleniumLibrary">
<doc>Sets the implicit wait value used by Selenium.</doc>
<arguments>
<arg>10</arg>
</arguments>
<status status="PASS" starttime="20190128 21:01:04.367" endtime="20190128 21:01:04.371"></status>
</kw>
<kw name="Input Text" library="SeleniumLibrary">
<doc>Types the given ``text`` into text field identified by ``locator``.</doc>
<arguments>
<arg>id = username</arg>
<arg>auto</arg>
</arguments>
<msg timestamp="20190128 21:01:04.374" level="INFO">Typing text 'auto' into text field 'id = username'.</msg>
<status status="PASS" starttime="20190128 21:01:04.373" endtime="20190128 21:01:04.694"></status>
</kw>
<kw name="Input Text" library="SeleniumLibrary">
<doc>Types the given ``text`` into text field identified by ``locator``.</doc>
<arguments>
<arg>id = password</arg>
<arg>sdfsdfsdf</arg>
</arguments>
<msg timestamp="20190128 21:01:04.703" level="INFO">Typing text 'sdfsdfsdf' into text field 'id = password'.</msg>
<status status="PASS" starttime="20190128 21:01:04.702" endtime="20190128 21:01:05.136"></status>
</kw>
<kw name="Click Element" library="SeleniumLibrary">
<doc>Click element identified by ``locator``.</doc>
<arguments>
<arg>css = button</arg>
</arguments>
<msg timestamp="20190128 21:01:05.138" level="INFO">Clicking element 'css = button'.</msg>
<status status="PASS" starttime="20190128 21:01:05.138" endtime="20190128 21:01:05.403"></status>
</kw>
<kw name="Click Element" library="SeleniumLibrary">
<doc>Click element identified by ``locator``.</doc>
<arguments>
<arg>xpath = //div[@class='ng-scope']//button//span</arg>
</arguments>
<msg timestamp="20190128 21:01:05.580" level="INFO">Clicking element 'xpath = //div[@class='ng-scope']//button//span'.</msg>
<status status="PASS" starttime="20190128 21:01:05.579" endtime="20190128 21:01:06.902"></status>
</kw>
<kw name="Input Text" library="SeleniumLibrary">
<doc>Types the given ``text`` into text field identified by ``locator``.</doc>
<arguments>
<arg>xpath = //div[@ng-if='showAddOne']//input[1]</arg>
<arg>python</arg>
</arguments>
<msg timestamp="20190128 21:01:06.905" level="INFO">Typing text 'python' into text field 'xpath = //div[@ng-if='showAddOne']//input[1]'.</msg>
<status status="PASS" starttime="20190128 21:01:06.904" endtime="20190128 21:01:07.215"></status>
</kw>
<kw name="Input Text" library="SeleniumLibrary">
<doc>Types the given ``text`` into text field identified by ``locator``.</doc>
<arguments>
<arg>xpath = //div[@ng-if='showAddOne']//textarea</arg>
<arg>一门编程语言</arg>
</arguments>
<msg timestamp="20190128 21:01:07.217" level="INFO">Typing text '一门编程语言' into text field 'xpath = //div[@ng-if='showAddOne']//textarea'.</msg>
<status status="PASS" starttime="20190128 21:01:07.217" endtime="20190128 21:01:07.501"></status>
</kw>
<kw name="Input Text" library="SeleniumLibrary">
<doc>Types the given ``text`` into text field identified by ``locator``.</doc>
<arguments>
<arg>xpath = //div[@ng-if='showAddOne']//input[2]</arg>
<arg>1</arg>
</arguments>
<msg timestamp="20190128 21:01:07.504" level="INFO">Typing text '1' into text field 'xpath = //div[@ng-if='showAddOne']//input[2]'.</msg>
<status status="PASS" starttime="20190128 21:01:07.503" endtime="20190128 21:01:07.774"></status>
</kw>
<kw name="Click Element" library="SeleniumLibrary">
<doc>Click element identified by ``locator``.</doc>
<arguments>
<arg>xpath = //button[@ng-click='addOne()']</arg>
</arguments>
<msg timestamp="20190128 21:01:07.775" level="INFO">Clicking element 'xpath = //button[@ng-click='addOne()']'.</msg>
<status status="PASS" starttime="20190128 21:01:07.775" endtime="20190128 21:01:08.082"></status>
</kw>
<kw name="Get WebElement" library="SeleniumLibrary">
<doc>Returns the first WebElement matching the given ``locator``.</doc>
<arguments>
<arg>xpath = //tr[@total-items]//td[2]</arg>
</arguments>
<assign>
<var>${ele}</var>
</assign>
<msg timestamp="20190128 21:01:08.222" level="INFO">${ele} = &lt;selenium.webdriver.remote.webelement.WebElement (session="5e0e64529bee2765ffb108a9f3612a51", element="0.563974801192227-6")&gt;</msg>
<status status="PASS" starttime="20190128 21:01:08.084" endtime="20190128 21:01:08.223"></status>
</kw>
<kw name="Create List" library="BuiltIn">
<doc>Returns a list containing given items.</doc>
<assign>
<var>${lesson}</var>
</assign>
<msg timestamp="20190128 21:01:08.235" level="INFO">${lesson} = []</msg>
<status status="PASS" starttime="20190128 21:01:08.234" endtime="20190128 21:01:08.236"></status>
</kw>
<kw name="Log To Console" library="BuiltIn">
<doc>Logs the given message to the console.</doc>
<arguments>
<arg>${ele.text}</arg>
</arguments>
<status status="PASS" starttime="20190128 21:01:08.244" endtime="20190128 21:01:08.317"></status>
</kw>
<kw name="Append To List" library="Collections">
<doc>Adds ``values`` to the end of ``list``.</doc>
<arguments>
<arg>${lesson}</arg>
<arg>${ele.text}</arg>
</arguments>
<status status="PASS" starttime="20190128 21:01:08.318" endtime="20190128 21:01:08.352"></status>
</kw>
<kw name="Create List" library="BuiltIn">
<doc>Returns a list containing given items.</doc>
<arguments>
<arg>python</arg>
</arguments>
<assign>
<var>${expected}</var>
</assign>
<msg timestamp="20190128 21:01:08.354" level="INFO">${expected} = ['python']</msg>
<status status="PASS" starttime="20190128 21:01:08.353" endtime="20190128 21:01:08.354"></status>
</kw>
<kw name="Lists Should Be Equal" library="Collections">
<doc>Fails if given lists are unequal.</doc>
<arguments>
<arg>${lesson}</arg>
<arg>${expected}</arg>
</arguments>
<status status="PASS" starttime="20190128 21:01:08.356" endtime="20190128 21:01:08.357"></status>
</kw>
<kw name="Close Browser" library="SeleniumLibrary">
<doc>Closes the current browser.</doc>
<status status="PASS" starttime="20190128 21:01:08.358" endtime="20190128 21:01:10.858"></status>
</kw>
<kw name="Deletecourse" library="deletecourse" type="teardown">
<status status="PASS" starttime="20190128 21:01:10.860" endtime="20190128 21:01:25.138"></status>
</kw>
<status status="PASS" starttime="20190128 21:00:40.431" endtime="20190128 21:01:25.139" critical="yes"></status>
</test>
<status status="PASS" starttime="20190128 21:00:39.929" endtime="20190128 21:01:25.144"></status>
</suite>
<statistics>
<total>
<stat pass="1" fail="0">Critical Tests</stat>
<stat pass="1" fail="0">All Tests</stat>
</total>
<tag>
</tag>
<suite>
<stat pass="1" fail="0" id="s1" name="Test">Test</stat>
</suite>
</statistics>
<errors>
</errors>
</robot>
